<?xml version="1.0" encoding="utf-8"?>
<TestRun id="51279be7-8d39-4e26-af0c-fff45b93ea22" name="khurram.muslim@LQA-KHURRAMMUSL 2022-05-26 03:11:35" runUser="LQA-KHURRAMMUSL\khurram.muslim" xmlns="http://microsoft.com/schemas/VisualStudio/TeamTest/2010">
  <Times creation="2022-05-26T03:11:35.4946608+05:00" queuing="2022-05-26T03:11:35.4946608+05:00" start="2022-05-26T03:11:33.1390099+05:00" finish="2022-05-26T03:11:35.4975237+05:00" />
  <TestSettings name="default" id="3d989b78-7764-418c-9f34-3729b500411d">
    <Deployment runDeploymentRoot="khurram.muslim_LQA-KHURRAMMUSL_2022-05-26_03_11_35" />
  </TestSettings>
  <TestLists>
    <TestList name="Results Not in a List" id="8c84fa94-04c1-424b-9868-57a2d4851a1d" />
    <TestList name="All Loaded Results" id="19431567-8539-422a-85d7-44ee4e166bda" />
  </TestLists>
  <ResultSummary outcome="Completed">
    <Counters total="0" executed="0" passed="0" failed="0" error="0" timeout="0" aborted="0" inconclusive="0" passedButRunAborted="0" notRunnable="0" notExecuted="0" disconnected="0" warning="0" completed="0" inProgress="0" pending="0" />
    <RunInfos>
      <RunInfo computerName="LQA-KHURRAMMUSL" outcome="Warning" timestamp="2022-05-26T03:11:35.3857118+05:00">
        <Text>No test matches the given testcase filter `TestCategory=Login` in C:\Users\khurram.muslim\Source\Repos\AutomationTestFramework\AutomationTestFramework\bin\Debug\AutomationTestFramework.dll</Text>
      </RunInfo>
    </RunInfos>
  </ResultSummary>
</TestRun>