<?xml version="1.0" encoding="utf-8"?>
<TestRun id="d8611dce-e54b-4bd6-a032-be5045dd30cb" name="khurram.muslim@LQA-KHURRAMMUSL 2022-05-26 03:09:26" runUser="LQA-KHURRAMMUSL\khurram.muslim" xmlns="http://microsoft.com/schemas/VisualStudio/TeamTest/2010">
  <Times creation="2022-05-26T03:09:26.3357234+05:00" queuing="2022-05-26T03:09:26.3357234+05:00" start="2022-05-26T03:09:24.0335286+05:00" finish="2022-05-26T03:09:26.3377469+05:00" />
  <TestSettings name="default" id="10f3152f-7e4e-434d-96d8-ffa147503414">
    <Deployment runDeploymentRoot="khurram.muslim_LQA-KHURRAMMUSL_2022-05-26_03_09_26" />
  </TestSettings>
  <TestLists>
    <TestList name="Results Not in a List" id="8c84fa94-04c1-424b-9868-57a2d4851a1d" />
    <TestList name="All Loaded Results" id="19431567-8539-422a-85d7-44ee4e166bda" />
  </TestLists>
  <ResultSummary outcome="Completed">
    <Counters total="0" executed="0" passed="0" failed="0" error="0" timeout="0" aborted="0" inconclusive="0" passedButRunAborted="0" notRunnable="0" notExecuted="0" disconnected="0" warning="0" completed="0" inProgress="0" pending="0" />
    <RunInfos>
      <RunInfo computerName="LQA-KHURRAMMUSL" outcome="Warning" timestamp="2022-05-26T03:09:26.2266302+05:00">
        <Text>No test matches the given testcase filter `TestCategory=Login` in C:\Users\khurram.muslim\Source\Repos\AutomationTestFramework\AutomationTestFramework\bin\Debug\AutomationTestFramework.dll</Text>
      </RunInfo>
    </RunInfos>
  </ResultSummary>
</TestRun>